<?xml version="1.0" encoding="UTF-8"?>
<testsuite name="com.aimenelbouanani.calculatric.CalculatorTest" tests="1" skipped="0" failures="0" errors="0" timestamp="2024-11-12T13:50:50" hostname="ubuntu" time="0.121">
  <properties/>
  <testcase name="testSum()" classname="com.aimenelbouanani.calculatric.CalculatorTest" time="0.121"/>
  <system-out><![CDATA[]]></system-out>
  <system-err><![CDATA[]]></system-err>
</testsuite>
